<?xml version="1.0" encoding="UTF-8"?>
<!-- Generated by org.testng.reporters.JUnitXMLReporter -->
<testsuite hostname="EPINHYDW0330" name="Surefire test" tests="2" failures="2" timestamp="8 Feb 2019 13:51:10 GMT" time="3.476" errors="0">
  <testcase name="Statuscode" time="2.115" classname="restassured.WeatherReportTest">
    <failure type="java.lang.AssertionError" message="correct status code is generated expected [200] but found [503]">
      <![CDATA[java.lang.AssertionError: correct status code is generated expected [200] but found [503]
	at restassured.WeatherReportTest.Statuscode(WeatherReportTest.java:25)
... Removed 34 stack frames]]>
    </failure>
  </testcase> <!-- Statuscode -->
  <testcase name="Statuscode" time="1.326" classname="restassured.WeatherReportTest">
    <failure type="java.lang.AssertionError" message="correct status code is generated expected [400] but found [503]">
      <![CDATA[java.lang.AssertionError: correct status code is generated expected [400] but found [503]
	at restassured.WeatherReportTest.Statuscode(WeatherReportTest.java:25)
... Removed 34 stack frames]]>
    </failure>
  </testcase> <!-- Statuscode -->
</testsuite> <!-- Surefire test -->
